RUN	blackhole.BlackholeSvcSimulation	blackholesvcsimulation	1671225720484	 	3.8.4
REQUEST		simpleGet	1671225722080	1671225722081	KO	j.n.UnknownHostException: frontline-qal5-k8s.intuit.services.gateway.ppdmeshtestblackhole.mesh
USER	FrontlineMeshBlackholeScenario	END	1671225722085
USER	FrontlineMeshBlackholeScenario	START	1671225722086
REQUEST		simpleGet	1671225722166	1671225722166	KO	j.n.UnknownHostException: frontline-qal5-k8s.intuit.services.gateway.ppdmeshtestblackhole.mesh
USER	FrontlineMeshBlackholeScenario	START	1671225722166
USER	FrontlineMeshBlackholeScenario	END	1671225722166
REQUEST		simpleGet	1671225722266	1671225722266	KO	j.n.UnknownHostException: frontline-qal5-k8s.intuit.services.gateway.ppdmeshtestblackhole.mesh
USER	FrontlineMeshBlackholeScenario	START	1671225722266
USER	FrontlineMeshBlackholeScenario	END	1671225722266
REQUEST		simpleGet	1671225722367	1671225722367	KO	j.n.UnknownHostException: frontline-qal5-k8s.intuit.services.gateway.ppdmeshtestblackhole.mesh
USER	FrontlineMeshBlackholeScenario	START	1671225722367
USER	FrontlineMeshBlackholeScenario	END	1671225722367
REQUEST		simpleGet	1671225722466	1671225722466	KO	j.n.UnknownHostException: frontline-qal5-k8s.intuit.services.gateway.ppdmeshtestblackhole.mesh
USER	FrontlineMeshBlackholeScenario	START	1671225722467
USER	FrontlineMeshBlackholeScenario	END	1671225722467
REQUEST		simpleGet	1671225722567	1671225722567	KO	j.n.UnknownHostException: frontline-qal5-k8s.intuit.services.gateway.ppdmeshtestblackhole.mesh
USER	FrontlineMeshBlackholeScenario	START	1671225722567
USER	FrontlineMeshBlackholeScenario	END	1671225722567
REQUEST		simpleGet	1671225722667	1671225722667	KO	j.n.UnknownHostException: frontline-qal5-k8s.intuit.services.gateway.ppdmeshtestblackhole.mesh
USER	FrontlineMeshBlackholeScenario	START	1671225722668
USER	FrontlineMeshBlackholeScenario	END	1671225722668
REQUEST		simpleGet	1671225722767	1671225722767	KO	j.n.UnknownHostException: frontline-qal5-k8s.intuit.services.gateway.ppdmeshtestblackhole.mesh
USER	FrontlineMeshBlackholeScenario	START	1671225722768
USER	FrontlineMeshBlackholeScenario	END	1671225722768
REQUEST		simpleGet	1671225722868	1671225722868	KO	j.n.UnknownHostException: frontline-qal5-k8s.intuit.services.gateway.ppdmeshtestblackhole.mesh
USER	FrontlineMeshBlackholeScenario	START	1671225722868
USER	FrontlineMeshBlackholeScenario	END	1671225722868
REQUEST		simpleGet	1671225722968	1671225722968	KO	j.n.UnknownHostException: frontline-qal5-k8s.intuit.services.gateway.ppdmeshtestblackhole.mesh
USER	FrontlineMeshBlackholeScenario	START	1671225722968
USER	FrontlineMeshBlackholeScenario	END	1671225722968
REQUEST		simpleGet	1671225723068	1671225723068	KO	j.n.UnknownHostException: frontline-qal5-k8s.intuit.services.gateway.ppdmeshtestblackhole.mesh
USER	FrontlineMeshBlackholeScenario	START	1671225723068
USER	FrontlineMeshBlackholeScenario	END	1671225723068
REQUEST		simpleGet	1671225723169	1671225723169	KO	j.n.UnknownHostException: frontline-qal5-k8s.intuit.services.gateway.ppdmeshtestblackhole.mesh
USER	FrontlineMeshBlackholeScenario	END	1671225723169
USER	FrontlineMeshBlackholeScenario	START	1671225723169
REQUEST		simpleGet	1671225723269	1671225723269	KO	j.n.UnknownHostException: frontline-qal5-k8s.intuit.services.gateway.ppdmeshtestblackhole.mesh
USER	FrontlineMeshBlackholeScenario	END	1671225723269
USER	FrontlineMeshBlackholeScenario	START	1671225723269
REQUEST		simpleGet	1671225723368	1671225723369	KO	j.n.UnknownHostException: frontline-qal5-k8s.intuit.services.gateway.ppdmeshtestblackhole.mesh
USER	FrontlineMeshBlackholeScenario	START	1671225723369
USER	FrontlineMeshBlackholeScenario	END	1671225723369
REQUEST		simpleGet	1671225723469	1671225723469	KO	j.n.UnknownHostException: frontline-qal5-k8s.intuit.services.gateway.ppdmeshtestblackhole.mesh
USER	FrontlineMeshBlackholeScenario	START	1671225723470
USER	FrontlineMeshBlackholeScenario	END	1671225723470
REQUEST		simpleGet	1671225723569	1671225723570	KO	j.n.UnknownHostException: frontline-qal5-k8s.intuit.services.gateway.ppdmeshtestblackhole.mesh
USER	FrontlineMeshBlackholeScenario	START	1671225723570
USER	FrontlineMeshBlackholeScenario	END	1671225723570
REQUEST		simpleGet	1671225723670	1671225723670	KO	j.n.UnknownHostException: frontline-qal5-k8s.intuit.services.gateway.ppdmeshtestblackhole.mesh
USER	FrontlineMeshBlackholeScenario	START	1671225723670
USER	FrontlineMeshBlackholeScenario	END	1671225723670
REQUEST		simpleGet	1671225723770	1671225723770	KO	j.n.UnknownHostException: frontline-qal5-k8s.intuit.services.gateway.ppdmeshtestblackhole.mesh
USER	FrontlineMeshBlackholeScenario	START	1671225723770
USER	FrontlineMeshBlackholeScenario	END	1671225723770
REQUEST		simpleGet	1671225723870	1671225723870	KO	j.n.UnknownHostException: frontline-qal5-k8s.intuit.services.gateway.ppdmeshtestblackhole.mesh
USER	FrontlineMeshBlackholeScenario	START	1671225723870
USER	FrontlineMeshBlackholeScenario	END	1671225723870
REQUEST		simpleGet	1671225723970	1671225723970	KO	j.n.UnknownHostException: frontline-qal5-k8s.intuit.services.gateway.ppdmeshtestblackhole.mesh
USER	FrontlineMeshBlackholeScenario	START	1671225723970
USER	FrontlineMeshBlackholeScenario	END	1671225723970
REQUEST		simpleGet	1671225724070	1671225724071	KO	j.n.UnknownHostException: frontline-qal5-k8s.intuit.services.gateway.ppdmeshtestblackhole.mesh
USER	FrontlineMeshBlackholeScenario	START	1671225724071
USER	FrontlineMeshBlackholeScenario	END	1671225724073
REQUEST		simpleGet	1671225724157	1671225724157	KO	j.n.UnknownHostException: frontline-qal5-k8s.intuit.services.gateway.ppdmeshtestblackhole.mesh
USER	FrontlineMeshBlackholeScenario	START	1671225724157
USER	FrontlineMeshBlackholeScenario	END	1671225724157
REQUEST		simpleGet	1671225724256	1671225724256	KO	j.n.UnknownHostException: frontline-qal5-k8s.intuit.services.gateway.ppdmeshtestblackhole.mesh
USER	FrontlineMeshBlackholeScenario	START	1671225724256
USER	FrontlineMeshBlackholeScenario	END	1671225724256
REQUEST		simpleGet	1671225724357	1671225724357	KO	j.n.UnknownHostException: frontline-qal5-k8s.intuit.services.gateway.ppdmeshtestblackhole.mesh
USER	FrontlineMeshBlackholeScenario	START	1671225724357
USER	FrontlineMeshBlackholeScenario	END	1671225724357
REQUEST		simpleGet	1671225724457	1671225724457	KO	j.n.UnknownHostException: frontline-qal5-k8s.intuit.services.gateway.ppdmeshtestblackhole.mesh
USER	FrontlineMeshBlackholeScenario	END	1671225724457
USER	FrontlineMeshBlackholeScenario	START	1671225724457
REQUEST		simpleGet	1671225724557	1671225724557	KO	j.n.UnknownHostException: frontline-qal5-k8s.intuit.services.gateway.ppdmeshtestblackhole.mesh
USER	FrontlineMeshBlackholeScenario	START	1671225724557
USER	FrontlineMeshBlackholeScenario	END	1671225724557
REQUEST		simpleGet	1671225724658	1671225724658	KO	j.n.UnknownHostException: frontline-qal5-k8s.intuit.services.gateway.ppdmeshtestblackhole.mesh
USER	FrontlineMeshBlackholeScenario	END	1671225724658
USER	FrontlineMeshBlackholeScenario	START	1671225724658
REQUEST		simpleGet	1671225724758	1671225724758	KO	j.n.UnknownHostException: frontline-qal5-k8s.intuit.services.gateway.ppdmeshtestblackhole.mesh
USER	FrontlineMeshBlackholeScenario	END	1671225724758
USER	FrontlineMeshBlackholeScenario	START	1671225724758
REQUEST		simpleGet	1671225724858	1671225724858	KO	j.n.UnknownHostException: frontline-qal5-k8s.intuit.services.gateway.ppdmeshtestblackhole.mesh
USER	FrontlineMeshBlackholeScenario	START	1671225724859
USER	FrontlineMeshBlackholeScenario	END	1671225724859
REQUEST		simpleGet	1671225724958	1671225724958	KO	j.n.UnknownHostException: frontline-qal5-k8s.intuit.services.gateway.ppdmeshtestblackhole.mesh
USER	FrontlineMeshBlackholeScenario	START	1671225724959
USER	FrontlineMeshBlackholeScenario	END	1671225724959
REQUEST		simpleGet	1671225725059	1671225725059	KO	j.n.UnknownHostException: frontline-qal5-k8s.intuit.services.gateway.ppdmeshtestblackhole.mesh
USER	FrontlineMeshBlackholeScenario	START	1671225725059
USER	FrontlineMeshBlackholeScenario	END	1671225725059
REQUEST		simpleGet	1671225725155	1671225725155	KO	j.n.UnknownHostException: frontline-qal5-k8s.intuit.services.gateway.ppdmeshtestblackhole.mesh
USER	FrontlineMeshBlackholeScenario	START	1671225725156
USER	FrontlineMeshBlackholeScenario	END	1671225725156
REQUEST		simpleGet	1671225725256	1671225725256	KO	j.n.UnknownHostException: frontline-qal5-k8s.intuit.services.gateway.ppdmeshtestblackhole.mesh
USER	FrontlineMeshBlackholeScenario	END	1671225725257
USER	FrontlineMeshBlackholeScenario	START	1671225725257
REQUEST		simpleGet	1671225725355	1671225725356	KO	j.n.UnknownHostException: frontline-qal5-k8s.intuit.services.gateway.ppdmeshtestblackhole.mesh
USER	FrontlineMeshBlackholeScenario	START	1671225725356
USER	FrontlineMeshBlackholeScenario	END	1671225725356
REQUEST		simpleGet	1671225725456	1671225725456	KO	j.n.UnknownHostException: frontline-qal5-k8s.intuit.services.gateway.ppdmeshtestblackhole.mesh
USER	FrontlineMeshBlackholeScenario	START	1671225725456
USER	FrontlineMeshBlackholeScenario	END	1671225725456
REQUEST		simpleGet	1671225725555	1671225725555	KO	j.n.UnknownHostException: frontline-qal5-k8s.intuit.services.gateway.ppdmeshtestblackhole.mesh
USER	FrontlineMeshBlackholeScenario	START	1671225725555
USER	FrontlineMeshBlackholeScenario	END	1671225725555
REQUEST		simpleGet	1671225725656	1671225725656	KO	j.n.UnknownHostException: frontline-qal5-k8s.intuit.services.gateway.ppdmeshtestblackhole.mesh
USER	FrontlineMeshBlackholeScenario	END	1671225725656
USER	FrontlineMeshBlackholeScenario	START	1671225725656
REQUEST		simpleGet	1671225725755	1671225725755	KO	j.n.UnknownHostException: frontline-qal5-k8s.intuit.services.gateway.ppdmeshtestblackhole.mesh
USER	FrontlineMeshBlackholeScenario	END	1671225725755
USER	FrontlineMeshBlackholeScenario	START	1671225725755
REQUEST		simpleGet	1671225725855	1671225725855	KO	j.n.UnknownHostException: frontline-qal5-k8s.intuit.services.gateway.ppdmeshtestblackhole.mesh
USER	FrontlineMeshBlackholeScenario	END	1671225725855
USER	FrontlineMeshBlackholeScenario	START	1671225725855
REQUEST		simpleGet	1671225725956	1671225725956	KO	j.n.UnknownHostException: frontline-qal5-k8s.intuit.services.gateway.ppdmeshtestblackhole.mesh
USER	FrontlineMeshBlackholeScenario	END	1671225725956
USER	FrontlineMeshBlackholeScenario	START	1671225725956
REQUEST		simpleGet	1671225726056	1671225726056	KO	j.n.UnknownHostException: frontline-qal5-k8s.intuit.services.gateway.ppdmeshtestblackhole.mesh
USER	FrontlineMeshBlackholeScenario	END	1671225726056
USER	FrontlineMeshBlackholeScenario	START	1671225726056
REQUEST		simpleGet	1671225726155	1671225726155	KO	j.n.UnknownHostException: frontline-qal5-k8s.intuit.services.gateway.ppdmeshtestblackhole.mesh
USER	FrontlineMeshBlackholeScenario	START	1671225726155
USER	FrontlineMeshBlackholeScenario	END	1671225726155
REQUEST		simpleGet	1671225726256	1671225726256	KO	j.n.UnknownHostException: frontline-qal5-k8s.intuit.services.gateway.ppdmeshtestblackhole.mesh
USER	FrontlineMeshBlackholeScenario	END	1671225726256
USER	FrontlineMeshBlackholeScenario	START	1671225726256
REQUEST		simpleGet	1671225726355	1671225726356	KO	j.n.UnknownHostException: frontline-qal5-k8s.intuit.services.gateway.ppdmeshtestblackhole.mesh
USER	FrontlineMeshBlackholeScenario	START	1671225726356
USER	FrontlineMeshBlackholeScenario	END	1671225726356
REQUEST		simpleGet	1671225726455	1671225726455	KO	j.n.UnknownHostException: frontline-qal5-k8s.intuit.services.gateway.ppdmeshtestblackhole.mesh
USER	FrontlineMeshBlackholeScenario	START	1671225726456
USER	FrontlineMeshBlackholeScenario	END	1671225726456
REQUEST		simpleGet	1671225726556	1671225726556	KO	j.n.UnknownHostException: frontline-qal5-k8s.intuit.services.gateway.ppdmeshtestblackhole.mesh
USER	FrontlineMeshBlackholeScenario	START	1671225726556
USER	FrontlineMeshBlackholeScenario	END	1671225726556
REQUEST		simpleGet	1671225726655	1671225726655	KO	j.n.UnknownHostException: frontline-qal5-k8s.intuit.services.gateway.ppdmeshtestblackhole.mesh
USER	FrontlineMeshBlackholeScenario	START	1671225726656
USER	FrontlineMeshBlackholeScenario	END	1671225726656
REQUEST		simpleGet	1671225726756	1671225726756	KO	j.n.UnknownHostException: frontline-qal5-k8s.intuit.services.gateway.ppdmeshtestblackhole.mesh
USER	FrontlineMeshBlackholeScenario	START	1671225726756
USER	FrontlineMeshBlackholeScenario	END	1671225726756
REQUEST		simpleGet	1671225726856	1671225726856	KO	j.n.UnknownHostException: frontline-qal5-k8s.intuit.services.gateway.ppdmeshtestblackhole.mesh
USER	FrontlineMeshBlackholeScenario	START	1671225726856
USER	FrontlineMeshBlackholeScenario	END	1671225726856
REQUEST		simpleGet	1671225726956	1671225726956	KO	j.n.UnknownHostException: frontline-qal5-k8s.intuit.services.gateway.ppdmeshtestblackhole.mesh
USER	FrontlineMeshBlackholeScenario	END	1671225726957
USER	FrontlineMeshBlackholeScenario	START	1671225726957
REQUEST		simpleGet	1671225727056	1671225727056	KO	j.n.UnknownHostException: frontline-qal5-k8s.intuit.services.gateway.ppdmeshtestblackhole.mesh
USER	FrontlineMeshBlackholeScenario	START	1671225727056
USER	FrontlineMeshBlackholeScenario	END	1671225727056
REQUEST		simpleGet	1671225727156	1671225727156	KO	j.n.UnknownHostException: frontline-qal5-k8s.intuit.services.gateway.ppdmeshtestblackhole.mesh
USER	FrontlineMeshBlackholeScenario	START	1671225727156
USER	FrontlineMeshBlackholeScenario	END	1671225727156
REQUEST		simpleGet	1671225727256	1671225727256	KO	j.n.UnknownHostException: frontline-qal5-k8s.intuit.services.gateway.ppdmeshtestblackhole.mesh
USER	FrontlineMeshBlackholeScenario	START	1671225727257
USER	FrontlineMeshBlackholeScenario	END	1671225727257
REQUEST		simpleGet	1671225727356	1671225727356	KO	j.n.UnknownHostException: frontline-qal5-k8s.intuit.services.gateway.ppdmeshtestblackhole.mesh
USER	FrontlineMeshBlackholeScenario	START	1671225727356
USER	FrontlineMeshBlackholeScenario	END	1671225727356
REQUEST		simpleGet	1671225727457	1671225727457	KO	j.n.UnknownHostException: frontline-qal5-k8s.intuit.services.gateway.ppdmeshtestblackhole.mesh
USER	FrontlineMeshBlackholeScenario	START	1671225727457
USER	FrontlineMeshBlackholeScenario	END	1671225727457
REQUEST		simpleGet	1671225727556	1671225727556	KO	j.n.UnknownHostException: frontline-qal5-k8s.intuit.services.gateway.ppdmeshtestblackhole.mesh
USER	FrontlineMeshBlackholeScenario	START	1671225727556
USER	FrontlineMeshBlackholeScenario	END	1671225727557
REQUEST		simpleGet	1671225727657	1671225727657	KO	j.n.UnknownHostException: frontline-qal5-k8s.intuit.services.gateway.ppdmeshtestblackhole.mesh
USER	FrontlineMeshBlackholeScenario	START	1671225727657
USER	FrontlineMeshBlackholeScenario	END	1671225727657
REQUEST		simpleGet	1671225727757	1671225727757	KO	j.n.UnknownHostException: frontline-qal5-k8s.intuit.services.gateway.ppdmeshtestblackhole.mesh
USER	FrontlineMeshBlackholeScenario	START	1671225727757
USER	FrontlineMeshBlackholeScenario	END	1671225727757
REQUEST		simpleGet	1671225727857	1671225727857	KO	j.n.UnknownHostException: frontline-qal5-k8s.intuit.services.gateway.ppdmeshtestblackhole.mesh
USER	FrontlineMeshBlackholeScenario	START	1671225727857
USER	FrontlineMeshBlackholeScenario	END	1671225727857
REQUEST		simpleGet	1671225727958	1671225727958	KO	j.n.UnknownHostException: frontline-qal5-k8s.intuit.services.gateway.ppdmeshtestblackhole.mesh
USER	FrontlineMeshBlackholeScenario	END	1671225727958
USER	FrontlineMeshBlackholeScenario	START	1671225727958
REQUEST		simpleGet	1671225728056	1671225728057	KO	j.n.UnknownHostException: frontline-qal5-k8s.intuit.services.gateway.ppdmeshtestblackhole.mesh
USER	FrontlineMeshBlackholeScenario	START	1671225728057
USER	FrontlineMeshBlackholeScenario	END	1671225728057
REQUEST		simpleGet	1671225728155	1671225728155	KO	j.n.UnknownHostException: frontline-qal5-k8s.intuit.services.gateway.ppdmeshtestblackhole.mesh
USER	FrontlineMeshBlackholeScenario	START	1671225728156
USER	FrontlineMeshBlackholeScenario	END	1671225728156
REQUEST		simpleGet	1671225728255	1671225728255	KO	j.n.UnknownHostException: frontline-qal5-k8s.intuit.services.gateway.ppdmeshtestblackhole.mesh
USER	FrontlineMeshBlackholeScenario	START	1671225728256
USER	FrontlineMeshBlackholeScenario	END	1671225728256
REQUEST		simpleGet	1671225728356	1671225728356	KO	j.n.UnknownHostException: frontline-qal5-k8s.intuit.services.gateway.ppdmeshtestblackhole.mesh
USER	FrontlineMeshBlackholeScenario	START	1671225728356
USER	FrontlineMeshBlackholeScenario	END	1671225728356
REQUEST		simpleGet	1671225728457	1671225728457	KO	j.n.UnknownHostException: frontline-qal5-k8s.intuit.services.gateway.ppdmeshtestblackhole.mesh
USER	FrontlineMeshBlackholeScenario	START	1671225728457
USER	FrontlineMeshBlackholeScenario	END	1671225728457
REQUEST		simpleGet	1671225728556	1671225728556	KO	j.n.UnknownHostException: frontline-qal5-k8s.intuit.services.gateway.ppdmeshtestblackhole.mesh
USER	FrontlineMeshBlackholeScenario	END	1671225728556
USER	FrontlineMeshBlackholeScenario	START	1671225728556
REQUEST		simpleGet	1671225728657	1671225728657	KO	j.n.UnknownHostException: frontline-qal5-k8s.intuit.services.gateway.ppdmeshtestblackhole.mesh
USER	FrontlineMeshBlackholeScenario	START	1671225728657
USER	FrontlineMeshBlackholeScenario	END	1671225728657
REQUEST		simpleGet	1671225728756	1671225728756	KO	j.n.UnknownHostException: frontline-qal5-k8s.intuit.services.gateway.ppdmeshtestblackhole.mesh
USER	FrontlineMeshBlackholeScenario	START	1671225728757
USER	FrontlineMeshBlackholeScenario	END	1671225728757
REQUEST		simpleGet	1671225728857	1671225728857	KO	j.n.UnknownHostException: frontline-qal5-k8s.intuit.services.gateway.ppdmeshtestblackhole.mesh
USER	FrontlineMeshBlackholeScenario	START	1671225728858
USER	FrontlineMeshBlackholeScenario	END	1671225728858
REQUEST		simpleGet	1671225728956	1671225728956	KO	j.n.UnknownHostException: frontline-qal5-k8s.intuit.services.gateway.ppdmeshtestblackhole.mesh
USER	FrontlineMeshBlackholeScenario	START	1671225728957
USER	FrontlineMeshBlackholeScenario	END	1671225728957
REQUEST		simpleGet	1671225729057	1671225729057	KO	j.n.UnknownHostException: frontline-qal5-k8s.intuit.services.gateway.ppdmeshtestblackhole.mesh
USER	FrontlineMeshBlackholeScenario	START	1671225729057
USER	FrontlineMeshBlackholeScenario	END	1671225729057
REQUEST		simpleGet	1671225729156	1671225729156	KO	j.n.UnknownHostException: frontline-qal5-k8s.intuit.services.gateway.ppdmeshtestblackhole.mesh
USER	FrontlineMeshBlackholeScenario	START	1671225729157
USER	FrontlineMeshBlackholeScenario	END	1671225729157
REQUEST		simpleGet	1671225729256	1671225729256	KO	j.n.UnknownHostException: frontline-qal5-k8s.intuit.services.gateway.ppdmeshtestblackhole.mesh
USER	FrontlineMeshBlackholeScenario	START	1671225729256
USER	FrontlineMeshBlackholeScenario	END	1671225729256
REQUEST		simpleGet	1671225729355	1671225729356	KO	j.n.UnknownHostException: frontline-qal5-k8s.intuit.services.gateway.ppdmeshtestblackhole.mesh
USER	FrontlineMeshBlackholeScenario	START	1671225729356
USER	FrontlineMeshBlackholeScenario	END	1671225729356
REQUEST		simpleGet	1671225729456	1671225729457	KO	j.n.UnknownHostException: frontline-qal5-k8s.intuit.services.gateway.ppdmeshtestblackhole.mesh
USER	FrontlineMeshBlackholeScenario	END	1671225729457
USER	FrontlineMeshBlackholeScenario	START	1671225729457
REQUEST		simpleGet	1671225729556	1671225729556	KO	j.n.UnknownHostException: frontline-qal5-k8s.intuit.services.gateway.ppdmeshtestblackhole.mesh
USER	FrontlineMeshBlackholeScenario	START	1671225729556
USER	FrontlineMeshBlackholeScenario	END	1671225729556
REQUEST		simpleGet	1671225729657	1671225729657	KO	j.n.UnknownHostException: frontline-qal5-k8s.intuit.services.gateway.ppdmeshtestblackhole.mesh
USER	FrontlineMeshBlackholeScenario	START	1671225729657
USER	FrontlineMeshBlackholeScenario	END	1671225729657
REQUEST		simpleGet	1671225729756	1671225729756	KO	j.n.UnknownHostException: frontline-qal5-k8s.intuit.services.gateway.ppdmeshtestblackhole.mesh
USER	FrontlineMeshBlackholeScenario	START	1671225729756
USER	FrontlineMeshBlackholeScenario	END	1671225729756
REQUEST		simpleGet	1671225729857	1671225729857	KO	j.n.UnknownHostException: frontline-qal5-k8s.intuit.services.gateway.ppdmeshtestblackhole.mesh
USER	FrontlineMeshBlackholeScenario	START	1671225729857
USER	FrontlineMeshBlackholeScenario	END	1671225729857
REQUEST		simpleGet	1671225729956	1671225729956	KO	j.n.UnknownHostException: frontline-qal5-k8s.intuit.services.gateway.ppdmeshtestblackhole.mesh
USER	FrontlineMeshBlackholeScenario	START	1671225729956
USER	FrontlineMeshBlackholeScenario	END	1671225729956
REQUEST		simpleGet	1671225730056	1671225730056	KO	j.n.UnknownHostException: frontline-qal5-k8s.intuit.services.gateway.ppdmeshtestblackhole.mesh
USER	FrontlineMeshBlackholeScenario	START	1671225730057
USER	FrontlineMeshBlackholeScenario	END	1671225730057
REQUEST		simpleGet	1671225730155	1671225730155	KO	j.n.UnknownHostException: frontline-qal5-k8s.intuit.services.gateway.ppdmeshtestblackhole.mesh
USER	FrontlineMeshBlackholeScenario	START	1671225730156
USER	FrontlineMeshBlackholeScenario	END	1671225730156
REQUEST		simpleGet	1671225730256	1671225730256	KO	j.n.UnknownHostException: frontline-qal5-k8s.intuit.services.gateway.ppdmeshtestblackhole.mesh
USER	FrontlineMeshBlackholeScenario	START	1671225730257
USER	FrontlineMeshBlackholeScenario	END	1671225730257
REQUEST		simpleGet	1671225730355	1671225730355	KO	j.n.UnknownHostException: frontline-qal5-k8s.intuit.services.gateway.ppdmeshtestblackhole.mesh
USER	FrontlineMeshBlackholeScenario	END	1671225730355
USER	FrontlineMeshBlackholeScenario	START	1671225730355
REQUEST		simpleGet	1671225730456	1671225730456	KO	j.n.UnknownHostException: frontline-qal5-k8s.intuit.services.gateway.ppdmeshtestblackhole.mesh
USER	FrontlineMeshBlackholeScenario	START	1671225730457
USER	FrontlineMeshBlackholeScenario	END	1671225730457
REQUEST		simpleGet	1671225730557	1671225730557	KO	j.n.UnknownHostException: frontline-qal5-k8s.intuit.services.gateway.ppdmeshtestblackhole.mesh
USER	FrontlineMeshBlackholeScenario	END	1671225730557
USER	FrontlineMeshBlackholeScenario	START	1671225730557
REQUEST		simpleGet	1671225730657	1671225730657	KO	j.n.UnknownHostException: frontline-qal5-k8s.intuit.services.gateway.ppdmeshtestblackhole.mesh
USER	FrontlineMeshBlackholeScenario	START	1671225730657
USER	FrontlineMeshBlackholeScenario	END	1671225730657
REQUEST		simpleGet	1671225730756	1671225730756	KO	j.n.UnknownHostException: frontline-qal5-k8s.intuit.services.gateway.ppdmeshtestblackhole.mesh
USER	FrontlineMeshBlackholeScenario	START	1671225730756
USER	FrontlineMeshBlackholeScenario	END	1671225730756
REQUEST		simpleGet	1671225730856	1671225730856	KO	j.n.UnknownHostException: frontline-qal5-k8s.intuit.services.gateway.ppdmeshtestblackhole.mesh
USER	FrontlineMeshBlackholeScenario	END	1671225730857
USER	FrontlineMeshBlackholeScenario	START	1671225730857
REQUEST		simpleGet	1671225730956	1671225730956	KO	j.n.UnknownHostException: frontline-qal5-k8s.intuit.services.gateway.ppdmeshtestblackhole.mesh
USER	FrontlineMeshBlackholeScenario	END	1671225730956
USER	FrontlineMeshBlackholeScenario	START	1671225730956
REQUEST		simpleGet	1671225731056	1671225731056	KO	j.n.UnknownHostException: frontline-qal5-k8s.intuit.services.gateway.ppdmeshtestblackhole.mesh
USER	FrontlineMeshBlackholeScenario	START	1671225731056
USER	FrontlineMeshBlackholeScenario	END	1671225731056
REQUEST		simpleGet	1671225731155	1671225731155	KO	j.n.UnknownHostException: frontline-qal5-k8s.intuit.services.gateway.ppdmeshtestblackhole.mesh
USER	FrontlineMeshBlackholeScenario	END	1671225731155
USER	FrontlineMeshBlackholeScenario	START	1671225731155
REQUEST		simpleGet	1671225731255	1671225731255	KO	j.n.UnknownHostException: frontline-qal5-k8s.intuit.services.gateway.ppdmeshtestblackhole.mesh
USER	FrontlineMeshBlackholeScenario	START	1671225731255
USER	FrontlineMeshBlackholeScenario	END	1671225731255
REQUEST		simpleGet	1671225731355	1671225731356	KO	j.n.UnknownHostException: frontline-qal5-k8s.intuit.services.gateway.ppdmeshtestblackhole.mesh
USER	FrontlineMeshBlackholeScenario	START	1671225731356
USER	FrontlineMeshBlackholeScenario	END	1671225731356
REQUEST		simpleGet	1671225731456	1671225731457	KO	j.n.UnknownHostException: frontline-qal5-k8s.intuit.services.gateway.ppdmeshtestblackhole.mesh
USER	FrontlineMeshBlackholeScenario	END	1671225731457
USER	FrontlineMeshBlackholeScenario	START	1671225731457
REQUEST		simpleGet	1671225731555	1671225731555	KO	j.n.UnknownHostException: frontline-qal5-k8s.intuit.services.gateway.ppdmeshtestblackhole.mesh
USER	FrontlineMeshBlackholeScenario	END	1671225731556
USER	FrontlineMeshBlackholeScenario	START	1671225731556
REQUEST		simpleGet	1671225731657	1671225731657	KO	j.n.UnknownHostException: frontline-qal5-k8s.intuit.services.gateway.ppdmeshtestblackhole.mesh
USER	FrontlineMeshBlackholeScenario	START	1671225731657
USER	FrontlineMeshBlackholeScenario	END	1671225731657
REQUEST		simpleGet	1671225731757	1671225731757	KO	j.n.UnknownHostException: frontline-qal5-k8s.intuit.services.gateway.ppdmeshtestblackhole.mesh
USER	FrontlineMeshBlackholeScenario	END	1671225731757
USER	FrontlineMeshBlackholeScenario	START	1671225731757
REQUEST		simpleGet	1671225731856	1671225731856	KO	j.n.UnknownHostException: frontline-qal5-k8s.intuit.services.gateway.ppdmeshtestblackhole.mesh
USER	FrontlineMeshBlackholeScenario	END	1671225731856
USER	FrontlineMeshBlackholeScenario	START	1671225731856
REQUEST		simpleGet	1671225731956	1671225731956	KO	j.n.UnknownHostException: frontline-qal5-k8s.intuit.services.gateway.ppdmeshtestblackhole.mesh
USER	FrontlineMeshBlackholeScenario	START	1671225731956
USER	FrontlineMeshBlackholeScenario	END	1671225731956
REQUEST		simpleGet	1671225732057	1671225732058	KO	j.n.UnknownHostException: frontline-qal5-k8s.intuit.services.gateway.ppdmeshtestblackhole.mesh: nodename nor servname provided, or not known
USER	FrontlineMeshBlackholeScenario	END	1671225732058
USER	FrontlineMeshBlackholeScenario	START	1671225732058
REQUEST		simpleGet	1671225732155	1671225732155	KO	j.n.UnknownHostException: frontline-qal5-k8s.intuit.services.gateway.ppdmeshtestblackhole.mesh
USER	FrontlineMeshBlackholeScenario	START	1671225732156
USER	FrontlineMeshBlackholeScenario	END	1671225732156
REQUEST		simpleGet	1671225732255	1671225732255	KO	j.n.UnknownHostException: frontline-qal5-k8s.intuit.services.gateway.ppdmeshtestblackhole.mesh
USER	FrontlineMeshBlackholeScenario	END	1671225732256
USER	FrontlineMeshBlackholeScenario	START	1671225732256
REQUEST		simpleGet	1671225732355	1671225732355	KO	j.n.UnknownHostException: frontline-qal5-k8s.intuit.services.gateway.ppdmeshtestblackhole.mesh
USER	FrontlineMeshBlackholeScenario	END	1671225732356
USER	FrontlineMeshBlackholeScenario	START	1671225732356
REQUEST		simpleGet	1671225732455	1671225732455	KO	j.n.UnknownHostException: frontline-qal5-k8s.intuit.services.gateway.ppdmeshtestblackhole.mesh
USER	FrontlineMeshBlackholeScenario	START	1671225732456
USER	FrontlineMeshBlackholeScenario	END	1671225732456
REQUEST		simpleGet	1671225732555	1671225732556	KO	j.n.UnknownHostException: frontline-qal5-k8s.intuit.services.gateway.ppdmeshtestblackhole.mesh
USER	FrontlineMeshBlackholeScenario	START	1671225732556
USER	FrontlineMeshBlackholeScenario	END	1671225732556
REQUEST		simpleGet	1671225732656	1671225732656	KO	j.n.UnknownHostException: frontline-qal5-k8s.intuit.services.gateway.ppdmeshtestblackhole.mesh
USER	FrontlineMeshBlackholeScenario	START	1671225732657
USER	FrontlineMeshBlackholeScenario	END	1671225732657
REQUEST		simpleGet	1671225732756	1671225732756	KO	j.n.UnknownHostException: frontline-qal5-k8s.intuit.services.gateway.ppdmeshtestblackhole.mesh
USER	FrontlineMeshBlackholeScenario	END	1671225732756
USER	FrontlineMeshBlackholeScenario	START	1671225732756
REQUEST		simpleGet	1671225732857	1671225732857	KO	j.n.UnknownHostException: frontline-qal5-k8s.intuit.services.gateway.ppdmeshtestblackhole.mesh
USER	FrontlineMeshBlackholeScenario	START	1671225732857
USER	FrontlineMeshBlackholeScenario	END	1671225732857
REQUEST		simpleGet	1671225732957	1671225732957	KO	j.n.UnknownHostException: frontline-qal5-k8s.intuit.services.gateway.ppdmeshtestblackhole.mesh
USER	FrontlineMeshBlackholeScenario	START	1671225732958
USER	FrontlineMeshBlackholeScenario	END	1671225732958
REQUEST		simpleGet	1671225733056	1671225733056	KO	j.n.UnknownHostException: frontline-qal5-k8s.intuit.services.gateway.ppdmeshtestblackhole.mesh
USER	FrontlineMeshBlackholeScenario	END	1671225733056
USER	FrontlineMeshBlackholeScenario	START	1671225733056
REQUEST		simpleGet	1671225733155	1671225733155	KO	j.n.UnknownHostException: frontline-qal5-k8s.intuit.services.gateway.ppdmeshtestblackhole.mesh
USER	FrontlineMeshBlackholeScenario	END	1671225733155
USER	FrontlineMeshBlackholeScenario	START	1671225733155
REQUEST		simpleGet	1671225733256	1671225733256	KO	j.n.UnknownHostException: frontline-qal5-k8s.intuit.services.gateway.ppdmeshtestblackhole.mesh
USER	FrontlineMeshBlackholeScenario	END	1671225733256
USER	FrontlineMeshBlackholeScenario	START	1671225733256
REQUEST		simpleGet	1671225733356	1671225733356	KO	j.n.UnknownHostException: frontline-qal5-k8s.intuit.services.gateway.ppdmeshtestblackhole.mesh
USER	FrontlineMeshBlackholeScenario	START	1671225733356
USER	FrontlineMeshBlackholeScenario	END	1671225733356
REQUEST		simpleGet	1671225733456	1671225733456	KO	j.n.UnknownHostException: frontline-qal5-k8s.intuit.services.gateway.ppdmeshtestblackhole.mesh
USER	FrontlineMeshBlackholeScenario	START	1671225733456
USER	FrontlineMeshBlackholeScenario	END	1671225733456
REQUEST		simpleGet	1671225733556	1671225733556	KO	j.n.UnknownHostException: frontline-qal5-k8s.intuit.services.gateway.ppdmeshtestblackhole.mesh
USER	FrontlineMeshBlackholeScenario	START	1671225733556
USER	FrontlineMeshBlackholeScenario	END	1671225733556
REQUEST		simpleGet	1671225733656	1671225733656	KO	j.n.UnknownHostException: frontline-qal5-k8s.intuit.services.gateway.ppdmeshtestblackhole.mesh
USER	FrontlineMeshBlackholeScenario	START	1671225733656
USER	FrontlineMeshBlackholeScenario	END	1671225733656
REQUEST		simpleGet	1671225733755	1671225733755	KO	j.n.UnknownHostException: frontline-qal5-k8s.intuit.services.gateway.ppdmeshtestblackhole.mesh
USER	FrontlineMeshBlackholeScenario	END	1671225733755
USER	FrontlineMeshBlackholeScenario	START	1671225733755
REQUEST		simpleGet	1671225733856	1671225733856	KO	j.n.UnknownHostException: frontline-qal5-k8s.intuit.services.gateway.ppdmeshtestblackhole.mesh
USER	FrontlineMeshBlackholeScenario	START	1671225733856
USER	FrontlineMeshBlackholeScenario	END	1671225733856
REQUEST		simpleGet	1671225733956	1671225733956	KO	j.n.UnknownHostException: frontline-qal5-k8s.intuit.services.gateway.ppdmeshtestblackhole.mesh
USER	FrontlineMeshBlackholeScenario	START	1671225733956
USER	FrontlineMeshBlackholeScenario	END	1671225733956
REQUEST		simpleGet	1671225734056	1671225734056	KO	j.n.UnknownHostException: frontline-qal5-k8s.intuit.services.gateway.ppdmeshtestblackhole.mesh
USER	FrontlineMeshBlackholeScenario	START	1671225734056
USER	FrontlineMeshBlackholeScenario	END	1671225734056
REQUEST		simpleGet	1671225734156	1671225734156	KO	j.n.UnknownHostException: frontline-qal5-k8s.intuit.services.gateway.ppdmeshtestblackhole.mesh
USER	FrontlineMeshBlackholeScenario	START	1671225734156
USER	FrontlineMeshBlackholeScenario	END	1671225734156
REQUEST		simpleGet	1671225734256	1671225734256	KO	j.n.UnknownHostException: frontline-qal5-k8s.intuit.services.gateway.ppdmeshtestblackhole.mesh
USER	FrontlineMeshBlackholeScenario	START	1671225734256
USER	FrontlineMeshBlackholeScenario	END	1671225734256
REQUEST		simpleGet	1671225734356	1671225734356	KO	j.n.UnknownHostException: frontline-qal5-k8s.intuit.services.gateway.ppdmeshtestblackhole.mesh
USER	FrontlineMeshBlackholeScenario	END	1671225734356
USER	FrontlineMeshBlackholeScenario	START	1671225734356
REQUEST		simpleGet	1671225734456	1671225734456	KO	